<?xml version="1.0" encoding="UTF-8"?>
<!-- Generated by org.testng.reporters.JUnitXMLReporter -->
<testsuite ignored="16" hostname="Gauravs-Macbook-Air.local" failures="0" tests="1" name="Default test" time="2.058" errors="0" timestamp="2024-05-06T16:31:17 IST">
  <testcase classname="AllRequests.APIRequest" name="createRepositoryForAuthenticatedUser" time="2.035"/>
  <testcase classname="AllRequests.APIRequest" name="deleteFromAnAutolinkReferenceForARepo" time="0.0">
    <ignored/>
  </testcase> <!-- deleteFromAnAutolinkReferenceForARepo -->
  <testcase classname="AllRequests.APIRequest" name="getARepo" time="0.0">
    <ignored/>
  </testcase> <!-- getARepo -->
  <testcase classname="AllRequests.APIRequest" name="ListPublicRepo" time="0.0">
    <ignored/>
  </testcase> <!-- ListPublicRepo -->
  <testcase classname="AllRequests.APIRequest" name="getarepo" time="0.0">
    <ignored/>
  </testcase> <!-- getarepo -->
  <testcase classname="AllRequests.APIRequest" name="deleteAFile" time="0.0">
    <ignored/>
  </testcase> <!-- deleteAFile -->
  <testcase classname="AllRequests.APIRequest" name="Authentication" time="0.0">
    <ignored/>
  </testcase> <!-- Authentication -->
  <testcase classname="AllRequests.APIRequest" name="listRepoForAUser" time="0.0">
    <ignored/>
  </testcase> <!-- listRepoForAUser -->
  <testcase classname="AllRequests.APIRequest" name="ListRepoLanguage" time="0.0">
    <ignored/>
  </testcase> <!-- ListRepoLanguage -->
  <testcase classname="AllRequests.APIRequest" name="createOrUpdateFileContent" time="0.0">
    <ignored/>
  </testcase> <!-- createOrUpdateFileContent -->
  <testcase classname="AllRequests.APIRequest" name="UpdateaRepository" time="0.0">
    <ignored/>
  </testcase> <!-- UpdateaRepository -->
  <testcase classname="AllRequests.APIRequest" name="getAllRepoTopic" time="0.0">
    <ignored/>
  </testcase> <!-- getAllRepoTopic -->
  <testcase classname="AllRequests.APIRequest" name="deletearepo" time="0.0">
    <ignored/>
  </testcase> <!-- deletearepo -->
  <testcase classname="AllRequests.APIRequest" name="getAnAutolinkReferenceForARepo" time="0.0">
    <ignored/>
  </testcase> <!-- getAnAutolinkReferenceForARepo -->
  <testcase classname="AllRequests.APIRequest" name="creatAnAutolinkReferenceForRepo" time="0.0">
    <ignored/>
  </testcase> <!-- creatAnAutolinkReferenceForRepo -->
  <testcase classname="AllRequests.APIRequest" name="replaceRepoTopics" time="0.0">
    <ignored/>
  </testcase> <!-- replaceRepoTopics -->
  <testcase classname="AllRequests.APIRequest" name="listRepoTag" time="0.0">
    <ignored/>
  </testcase> <!-- listRepoTag -->
</testsuite> <!-- Default test -->
