<?xml version="1.0" encoding="UTF-8"?>
<testng-results ignored="16" total="17" passed="1" failed="0" skipped="0">
  <reporter-output>
  </reporter-output>
  <suite started-at="2024-05-06T16:31:15 IST" name="Default suite" finished-at="2024-05-06T16:31:17 IST" duration-ms="2058">
    <groups>
    </groups>
    <test started-at="2024-05-06T16:31:15 IST" name="Default test" finished-at="2024-05-06T16:31:17 IST" duration-ms="2058">
      <class name="AllRequests.APIRequest">
        <test-method signature="createRepositoryForAuthenticatedUser()[pri:0, instance:AllRequests.APIRequest@f0da945]" started-at="2024-05-06T16:31:15 IST" name="createRepositoryForAuthenticatedUser" finished-at="2024-05-06T16:31:17 IST" duration-ms="2035" status="PASS">
          <reporter-output>
          </reporter-output>
        </test-method> <!-- createRepositoryForAuthenticatedUser -->
      </class> <!-- AllRequests.APIRequest -->
    </test> <!-- Default test -->
  </suite> <!-- Default suite -->
</testng-results>
